  Hahn_M6_Discussion.cpp
C:\CS 310\CS310\Module6\Hahn_M6_Discussion\Hahn_M6_Discussion.cpp(13,1): error C2760: syntax error: 'struct' was unexpected here; expected ';'
C:\CS 310\CS310\Module6\Hahn_M6_Discussion\Hahn_M6_Discussion.cpp(13,17): error C4430: missing type specifier - int assumed. Note: C++ does not support default-int
C:\CS 310\CS310\Module6\Hahn_M6_Discussion\Hahn_M6_Discussion.cpp(14,5): error C2062: type 'int' unexpected
C:\CS 310\CS310\Module6\Hahn_M6_Discussion\Hahn_M6_Discussion.cpp(16,1): error C2059: syntax error: '}'
C:\CS 310\CS310\Module6\Hahn_M6_Discussion\Hahn_M6_Discussion.cpp(16,1): error C2143: syntax error: missing ';' before '}'
C:\CS 310\CS310\Module6\Hahn_M6_Discussion\Hahn_M6_Discussion.cpp(19,5): error C2065: 'cout': undeclared identifier
C:\CS 310\CS310\Module6\Hahn_M6_Discussion\Hahn_M6_Discussion.cpp(19,38): error C2065: 'endl': undeclared identifier
C:\CS 310\CS310\Module6\Hahn_M6_Discussion\Hahn_M6_Discussion.cpp(20,5): error C2065: 'cout': undeclared identifier
C:\CS 310\CS310\Module6\Hahn_M6_Discussion\Hahn_M6_Discussion.cpp(21,5): error C2065: 'cin': undeclared identifier
C:\CS 310\CS310\Module6\Hahn_M6_Discussion\Hahn_M6_Discussion.cpp(21,12): error C2065: 'd1': undeclared identifier
C:\CS 310\CS310\Module6\Hahn_M6_Discussion\Hahn_M6_Discussion.cpp(22,5): error C2065: 'cout': undeclared identifier
C:\CS 310\CS310\Module6\Hahn_M6_Discussion\Hahn_M6_Discussion.cpp(23,5): error C2065: 'cin': undeclared identifier
C:\CS 310\CS310\Module6\Hahn_M6_Discussion\Hahn_M6_Discussion.cpp(23,12): error C2065: 'd1': undeclared identifier
C:\CS 310\CS310\Module6\Hahn_M6_Discussion\Hahn_M6_Discussion.cpp(25,5): error C2065: 'cout': undeclared identifier
C:\CS 310\CS310\Module6\Hahn_M6_Discussion\Hahn_M6_Discussion.cpp(25,55): error C2065: 'endl': undeclared identifier
C:\CS 310\CS310\Module6\Hahn_M6_Discussion\Hahn_M6_Discussion.cpp(26,5): error C2065: 'cout': undeclared identifier
C:\CS 310\CS310\Module6\Hahn_M6_Discussion\Hahn_M6_Discussion.cpp(27,5): error C2065: 'cin': undeclared identifier
C:\CS 310\CS310\Module6\Hahn_M6_Discussion\Hahn_M6_Discussion.cpp(27,12): error C2065: 'd2': undeclared identifier
C:\CS 310\CS310\Module6\Hahn_M6_Discussion\Hahn_M6_Discussion.cpp(28,5): error C2065: 'cout': undeclared identifier
C:\CS 310\CS310\Module6\Hahn_M6_Discussion\Hahn_M6_Discussion.cpp(29,5): error C2065: 'cin': undeclared identifier
C:\CS 310\CS310\Module6\Hahn_M6_Discussion\Hahn_M6_Discussion.cpp(29,12): error C2065: 'd2': undeclared identifier
C:\CS 310\CS310\Module6\Hahn_M6_Discussion\Hahn_M6_Discussion.cpp(31,5): error C2065: 'sum': undeclared identifier
C:\CS 310\CS310\Module6\Hahn_M6_Discussion\Hahn_M6_Discussion.cpp(31,16): error C2065: 'd1': undeclared identifier
C:\CS 310\CS310\Module6\Hahn_M6_Discussion\Hahn_M6_Discussion.cpp(31,26): error C2065: 'd2': undeclared identifier
C:\CS 310\CS310\Module6\Hahn_M6_Discussion\Hahn_M6_Discussion.cpp(32,5): error C2065: 'sum': undeclared identifier
C:\CS 310\CS310\Module6\Hahn_M6_Discussion\Hahn_M6_Discussion.cpp(32,16): error C2065: 'd1': undeclared identifier
C:\CS 310\CS310\Module6\Hahn_M6_Discussion\Hahn_M6_Discussion.cpp(32,26): error C2065: 'd2': undeclared identifier
C:\CS 310\CS310\Module6\Hahn_M6_Discussion\Hahn_M6_Discussion.cpp(35,9): error C2065: 'sum': undeclared identifier
C:\CS 310\CS310\Module6\Hahn_M6_Discussion\Hahn_M6_Discussion.cpp(37,21): error C2065: 'sum': undeclared identifier
C:\CS 310\CS310\Module6\Hahn_M6_Discussion\Hahn_M6_Discussion.cpp(39,9): error C2065: 'sum': undeclared identifier
C:\CS 310\CS310\Module6\Hahn_M6_Discussion\Hahn_M6_Discussion.cpp(40,9): error C2065: 'sum': undeclared identifier
C:\CS 310\CS310\Module6\Hahn_M6_Discussion\Hahn_M6_Discussion.cpp(43,5): error C2065: 'cout': undeclared identifier
C:\CS 310\CS310\Module6\Hahn_M6_Discussion\Hahn_M6_Discussion.cpp(43,13): error C2065: 'endl': undeclared identifier
C:\CS 310\CS310\Module6\Hahn_M6_Discussion\Hahn_M6_Discussion.cpp(43,46): error C2065: 'sum': undeclared identifier
C:\CS 310\CS310\Module6\Hahn_M6_Discussion\Hahn_M6_Discussion.cpp(43,71): error C2065: 'sum': undeclared identifier
